<?xml version="1.0" encoding="UTF-8"?>
<testng-results ignored="0" total="1" passed="1" failed="0" skipped="0">
  <reporter-output>
  </reporter-output>
  <suite started-at="2023-05-22T10:34:22 IST" name="Default suite" finished-at="2023-05-22T10:34:30 IST" duration-ms="7747">
    <groups>
    </groups>
    <test started-at="2023-05-22T10:34:22 IST" name="Default test" finished-at="2023-05-22T10:34:30 IST" duration-ms="7747">
      <class name="com.CheckBoxRadioButton.TestCheckBoxButtonRadio">
        <test-method signature="Checkboxscenario()[pri:0, instance:com.CheckBoxRadioButton.TestCheckBoxButtonRadio@2e222612]" started-at="2023-05-22T10:34:22 IST" name="Checkboxscenario" finished-at="2023-05-22T10:34:30 IST" duration-ms="7707" status="PASS">
          <reporter-output>
          </reporter-output>
        </test-method> <!-- Checkboxscenario -->
      </class> <!-- com.CheckBoxRadioButton.TestCheckBoxButtonRadio -->
    </test> <!-- Default test -->
  </suite> <!-- Default suite -->
</testng-results>
